<?xml version="1.0" encoding="utf-8"?><testsuites name="pytest tests"><testsuite name="pytest" errors="0" failures="0" skipped="0" tests="18" time="2.877" timestamp="2026-04-25T15:40:19.243514+00:00" hostname="agent-env-47dd76ef-3e73-41c3-9887-fb50d172f7f5"><testcase classname="backend.tests.backend_test.TestAuth" name="test_login_success" time="0.354" /><testcase classname="backend.tests.backend_test.TestAuth" name="test_login_invalid" time="0.271" /><testcase classname="backend.tests.backend_test.TestAuth" name="test_me_requires_auth" time="0.138" /><testcase classname="backend.tests.backend_test.TestAuth" name="test_me_with_token" time="0.427" /><testcase classname="backend.tests.backend_test.TestAuth" name="test_logout" time="0.051" /><testcase classname="backend.tests.backend_test.TestContent" name="test_services_list" time="0.068" /><testcase classname="backend.tests.backend_test.TestContent" name="test_service_by_slug" time="0.045" /><testcase classname="backend.tests.backend_test.TestContent" name="test_service_not_found" time="0.045" /><testcase classname="backend.tests.backend_test.TestContent" name="test_faqs" time="0.044" /><testcase classname="backend.tests.backend_test.TestContent" name="test_testimonials" time="0.046" /><testcase classname="backend.tests.backend_test.TestContent" name="test_blog_list" time="0.045" /><testcase classname="backend.tests.backend_test.TestContent" name="test_blog_detail" time="0.046" /><testcase classname="backend.tests.backend_test.TestTimeSlots" name="test_slots_count" time="0.044" /><testcase classname="backend.tests.backend_test.TestAppointments" name="test_create_and_duplicate" time="0.650" /><testcase classname="backend.tests.backend_test.TestAppointments" name="test_patch_unauth" time="0.102" /><testcase classname="backend.tests.backend_test.TestContact" name="test_contact_create_and_list" time="0.239" /><testcase classname="backend.tests.backend_test.TestStats" name="test_stats_requires_auth" time="0.116" /><testcase classname="backend.tests.backend_test.TestStats" name="test_stats_ok" time="0.056" /></testsuite></testsuites>